"2021-12-05 00:52:13,886 - [INFO] -  logs.logger - (bot.py).start_polling(57) - Start polling"
"2021-12-05 00:55:21,155 - [INFO] -  logs.logger - (bot.py).start_polling(65) - Stop polling"
"2021-12-05 00:55:21,173 - [ERROR] -  asyncio - (base_events.py).default_exception_handler(1738) - Task exception was never retrieved
future: <Task finished name='Task-1' coro=<Bot.run() done, defined at /home/nick/PycharmProjects/vkbot/bot/bot.py:45> exception=KeyboardInterrupt()>"
Traceback (most recent call last):
  File "/home/nick/PycharmProjects/vkbot/bot/bot.py", line 62, in start_polling
    logger.critical(f"CRITICAL {e}")
  File "/usr/lib/python3.9/asyncio/base_events.py", line 596, in run_forever
    self._run_once()
  File "/usr/lib/python3.9/asyncio/base_events.py", line 1890, in _run_once
    handle._run()
  File "/usr/lib/python3.9/asyncio/events.py", line 80, in _run
    self._context.run(self._callback, *self._args)
  File "/home/nick/PycharmProjects/vkbot/bot/bot.py", line 46, in run
  File "/home/nick/.local/lib/python3.9/site-packages/vk_api/longpoll.py", line 621, in listen
    for event in self.check():
  File "/home/nick/.local/lib/python3.9/site-packages/vk_api/longpoll.py", line 557, in check
    response = self.session.get(
  File "/usr/lib/python3/dist-packages/requests/sessions.py", line 543, in get
    return self.request('GET', url, **kwargs)
  File "/usr/lib/python3/dist-packages/requests/sessions.py", line 530, in request
    resp = self.send(prep, **send_kwargs)
  File "/usr/lib/python3/dist-packages/requests/sessions.py", line 643, in send
    r = adapter.send(request, **kwargs)
  File "/usr/lib/python3/dist-packages/requests/adapters.py", line 439, in send
    resp = conn.urlopen(
  File "/usr/lib/python3/dist-packages/urllib3/connectionpool.py", line 670, in urlopen
    httplib_response = self._make_request(
  File "/usr/lib/python3/dist-packages/urllib3/connectionpool.py", line 426, in _make_request
    six.raise_from(e, None)
  File "<string>", line 3, in raise_from
  File "/usr/lib/python3/dist-packages/urllib3/connectionpool.py", line 421, in _make_request
    httplib_response = conn.getresponse()
  File "/usr/lib/python3.9/http/client.py", line 1347, in getresponse
    response.begin()
  File "/usr/lib/python3.9/http/client.py", line 307, in begin
    version, status, reason = self._read_status()
  File "/usr/lib/python3.9/http/client.py", line 268, in _read_status
    line = str(self.fp.readline(_MAXLINE + 1), "iso-8859-1")
  File "/usr/lib/python3.9/socket.py", line 704, in readinto
    return self._sock.recv_into(b)
  File "/usr/lib/python3.9/ssl.py", line 1241, in recv_into
    return self.read(nbytes, buffer)
  File "/usr/lib/python3.9/ssl.py", line 1099, in read
    return self._sslobj.read(len, buffer)
KeyboardInterrupt
"2021-12-05 00:55:22,195 - [INFO] -  logs.logger - (bot.py).start_polling(53) - Start polling"
"2021-12-05 00:56:03,803 - [INFO] -  logs.logger - (bot.py).start_polling(59) - Stop polling"
"2021-12-05 00:56:03,818 - [ERROR] -  asyncio - (base_events.py).default_exception_handler(1738) - Task exception was never retrieved
future: <Task finished name='Task-1' coro=<Bot.run() done, defined at /home/nick/PycharmProjects/vkbot/bot/bot.py:41> exception=KeyboardInterrupt()>"
Traceback (most recent call last):
  File "/home/nick/PycharmProjects/vkbot/bot/bot.py", line 57, in start_polling
    main_loop.run_forever()
  File "/usr/lib/python3.9/asyncio/base_events.py", line 596, in run_forever
    self._run_once()
  File "/usr/lib/python3.9/asyncio/base_events.py", line 1890, in _run_once
    handle._run()
  File "/usr/lib/python3.9/asyncio/events.py", line 80, in _run
    self._context.run(self._callback, *self._args)
  File "/home/nick/PycharmProjects/vkbot/bot/bot.py", line 42, in run
    for event in self._longpoll.listen():
  File "/home/nick/.local/lib/python3.9/site-packages/vk_api/longpoll.py", line 621, in listen
    for event in self.check():
  File "/home/nick/.local/lib/python3.9/site-packages/vk_api/longpoll.py", line 557, in check
    response = self.session.get(
  File "/usr/lib/python3/dist-packages/requests/sessions.py", line 543, in get
    return self.request('GET', url, **kwargs)
  File "/usr/lib/python3/dist-packages/requests/sessions.py", line 530, in request
    resp = self.send(prep, **send_kwargs)
  File "/usr/lib/python3/dist-packages/requests/sessions.py", line 643, in send
    r = adapter.send(request, **kwargs)
  File "/usr/lib/python3/dist-packages/requests/adapters.py", line 439, in send
    resp = conn.urlopen(
  File "/usr/lib/python3/dist-packages/urllib3/connectionpool.py", line 670, in urlopen
    httplib_response = self._make_request(
  File "/usr/lib/python3/dist-packages/urllib3/connectionpool.py", line 426, in _make_request
    six.raise_from(e, None)
  File "<string>", line 3, in raise_from
  File "/usr/lib/python3/dist-packages/urllib3/connectionpool.py", line 421, in _make_request
    httplib_response = conn.getresponse()
  File "/usr/lib/python3.9/http/client.py", line 1347, in getresponse
    response.begin()
  File "/usr/lib/python3.9/http/client.py", line 307, in begin
    version, status, reason = self._read_status()
  File "/usr/lib/python3.9/http/client.py", line 268, in _read_status
    line = str(self.fp.readline(_MAXLINE + 1), "iso-8859-1")
  File "/usr/lib/python3.9/socket.py", line 704, in readinto
    return self._sock.recv_into(b)
  File "/usr/lib/python3.9/ssl.py", line 1241, in recv_into
    return self.read(nbytes, buffer)
  File "/usr/lib/python3.9/ssl.py", line 1099, in read
    return self._sslobj.read(len, buffer)
KeyboardInterrupt
"2021-12-05 00:57:16,239 - [INFO] -  logs.logger - (bot.py).start_polling(54) - Start polling"
"2021-12-05 00:57:18,257 - [INFO] -  logs.logger - (bot.py).run(44) - Домашка"
"2021-12-05 00:57:24,087 - [INFO] -  logs.logger - (bot.py).run(44) - сб"
"2021-12-05 00:57:32,179 - [INFO] -  logs.logger - (bot.py).start_polling(60) - Stop polling"
"2021-12-05 00:57:32,199 - [ERROR] -  asyncio - (base_events.py).default_exception_handler(1738) - Task exception was never retrieved
future: <Task finished name='Task-1' coro=<Bot.run() done, defined at /home/nick/PycharmProjects/vkbot/bot/bot.py:41> exception=KeyboardInterrupt()>"
Traceback (most recent call last):
  File "/home/nick/PycharmProjects/vkbot/bot/bot.py", line 58, in start_polling
    main_loop.run_forever()
  File "/usr/lib/python3.9/asyncio/base_events.py", line 596, in run_forever
    self._run_once()
  File "/usr/lib/python3.9/asyncio/base_events.py", line 1890, in _run_once
    handle._run()
  File "/usr/lib/python3.9/asyncio/events.py", line 80, in _run
    self._context.run(self._callback, *self._args)
  File "/home/nick/PycharmProjects/vkbot/bot/bot.py", line 42, in run
    for event in self._longpoll.listen():
  File "/home/nick/.local/lib/python3.9/site-packages/vk_api/longpoll.py", line 621, in listen
    for event in self.check():
  File "/home/nick/.local/lib/python3.9/site-packages/vk_api/longpoll.py", line 557, in check
    response = self.session.get(
  File "/usr/lib/python3/dist-packages/requests/sessions.py", line 543, in get
    return self.request('GET', url, **kwargs)
  File "/usr/lib/python3/dist-packages/requests/sessions.py", line 530, in request
    resp = self.send(prep, **send_kwargs)
  File "/usr/lib/python3/dist-packages/requests/sessions.py", line 643, in send
    r = adapter.send(request, **kwargs)
  File "/usr/lib/python3/dist-packages/requests/adapters.py", line 439, in send
    resp = conn.urlopen(
  File "/usr/lib/python3/dist-packages/urllib3/connectionpool.py", line 670, in urlopen
    httplib_response = self._make_request(
  File "/usr/lib/python3/dist-packages/urllib3/connectionpool.py", line 426, in _make_request
    six.raise_from(e, None)
  File "<string>", line 3, in raise_from
  File "/usr/lib/python3/dist-packages/urllib3/connectionpool.py", line 421, in _make_request
    httplib_response = conn.getresponse()
  File "/usr/lib/python3.9/http/client.py", line 1347, in getresponse
    response.begin()
  File "/usr/lib/python3.9/http/client.py", line 307, in begin
    version, status, reason = self._read_status()
  File "/usr/lib/python3.9/http/client.py", line 268, in _read_status
    line = str(self.fp.readline(_MAXLINE + 1), "iso-8859-1")
  File "/usr/lib/python3.9/socket.py", line 704, in readinto
    return self._sock.recv_into(b)
  File "/usr/lib/python3.9/ssl.py", line 1241, in recv_into
    return self.read(nbytes, buffer)
  File "/usr/lib/python3.9/ssl.py", line 1099, in read
    return self._sslobj.read(len, buffer)
KeyboardInterrupt
"2021-12-05 01:03:41,976 - [INFO] -  logs.logger - (bot.py).start_polling(54) - Start polling"
"2021-12-05 01:04:08,274 - [INFO] -  logs.logger - (bot.py).start_polling(54) - Start polling"
"2021-12-05 01:05:34,826 - [INFO] -  logs.logger - (bot.py).start_polling(54) - Start polling"
"2021-12-05 01:05:56,915 - [INFO] -  logs.logger - (bot.py).start_polling(54) - Start polling"
"2021-12-05 01:06:25,228 - [INFO] -  logs.logger - (bot.py).start_polling(54) - Start polling"
"2021-12-05 01:06:56,060 - [INFO] -  logs.logger - (bot.py).start_polling(54) - Start polling"
"2021-12-05 01:08:38,323 - [INFO] -  logs.logger - (bot.py).start_polling(54) - Start polling"
"2021-12-05 01:11:28,162 - [INFO] -  logs.logger - (bot.py).start_polling(54) - Start polling"
"2021-12-05 01:13:09,658 - [INFO] -  logs.logger - (bot.py).start_polling(54) - Start polling"
"2021-12-05 01:14:38,189 - [INFO] -  logs.logger - (bot.py).run(44) - Начать"
"2021-12-05 01:14:43,936 - [INFO] -  logs.logger - (bot.py).run(44) - АБс-123"
"2021-12-05 01:15:49,590 - [INFO] -  logs.logger - (bot.py).run(44) - Домашка"
"2021-12-05 01:15:51,637 - [INFO] -  logs.logger - (bot.py).run(44) - Все что есть"
"2021-12-05 01:16:17,228 - [INFO] -  logs.logger - (bot.py).run(44) - Добавить домашку"
"2021-12-05 01:16:21,155 - [INFO] -  logs.logger - (bot.py).run(44) - Иностранный язык"
"2021-12-05 01:16:33,188 - [INFO] -  logs.logger - (bot.py).run(44) - Задание по английскому"
"2021-12-05 01:16:35,702 - [INFO] -  logs.logger - (bot.py).run(44) - вт"
"2021-12-05 01:16:38,332 - [INFO] -  logs.logger - (bot.py).run(44) - Домашка"
"2021-12-05 01:16:39,975 - [INFO] -  logs.logger - (bot.py).run(44) - вт"
"2021-12-05 01:17:43,663 - [INFO] -  logs.logger - (bot.py).run(44) - Дедлайны"
"2021-12-05 10:38:06,567 - [INFO] -  logs.logger - (bot.py).start_polling(54) - Start polling"
"2021-12-05 10:39:11,830 - [INFO] -  logs.logger - (bot.py).start_polling(54) - Start polling"
"2021-12-05 10:58:05,549 - [INFO] -  logs.logger - (bot.py).start_polling(54) - Start polling"
"2021-12-05 10:58:08,129 - [INFO] -  logs.logger - (bot.py).run(44) - Дедлайны"
"2021-12-05 10:58:08,149 - [CRITICAL] -  logs.logger - (bot.py).start_polling(63) - CRITICAL 'NoneType' object has no attribute 'group'"
"2021-12-05 10:58:08,149 - [INFO] -  logs.logger - (bot.py).start_polling(54) - Start polling"
"2021-12-05 10:58:17,486 - [INFO] -  logs.logger - (bot.py).run(44) - Начать"
"2021-12-05 10:58:17,489 - [CRITICAL] -  logs.logger - (bot.py).start_polling(63) - CRITICAL [Errno 13] Permission denied: 'bot/storage/storage/218384941/218384941.json'"
"2021-12-05 10:58:17,489 - [INFO] -  logs.logger - (bot.py).start_polling(54) - Start polling"
"2021-12-05 10:58:52,091 - [INFO] -  logs.logger - (bot.py).run(44) - Сайт"
"2021-12-05 10:58:53,847 - [INFO] -  logs.logger - (bot.py).run(44) - Дедлайны"
"2021-12-05 10:58:53,850 - [CRITICAL] -  logs.logger - (bot.py).start_polling(63) - CRITICAL 'NoneType' object has no attribute 'group'"
"2021-12-05 10:58:53,850 - [INFO] -  logs.logger - (bot.py).start_polling(54) - Start polling"
"2021-12-05 10:59:02,184 - [INFO] -  logs.logger - (bot.py).run(44) - Начать"
"2021-12-05 10:59:02,187 - [CRITICAL] -  logs.logger - (bot.py).start_polling(63) - CRITICAL [Errno 13] Permission denied: 'bot/storage/storage/218384941/218384941.json'"
"2021-12-05 10:59:02,187 - [INFO] -  logs.logger - (bot.py).start_polling(54) - Start polling"
"2021-12-05 11:00:29,185 - [INFO] -  logs.logger - (bot.py).run(44) - Начать"
"2021-12-05 11:00:37,925 - [INFO] -  logs.logger - (bot.py).run(44) - АВТ-942"
"2021-12-05 11:01:15,110 - [INFO] -  logs.logger - (bot.py).run(44) - Начать"
"2021-12-05 11:01:19,616 - [INFO] -  logs.logger - (bot.py).run(44) - АБс-123"
"2021-12-05 11:01:55,681 - [INFO] -  logs.logger - (bot.py).run(44) - Домашка"
"2021-12-05 11:01:57,199 - [INFO] -  logs.logger - (bot.py).run(44) - Все что есть"
"2021-12-05 11:02:15,322 - [INFO] -  logs.logger - (bot.py).run(44) - Добавить домашку"
"2021-12-05 11:02:19,239 - [INFO] -  logs.logger - (bot.py).run(44) - Иностранный язык"
"2021-12-05 11:02:21,822 - [INFO] -  logs.logger - (bot.py).run(44) - фыв123"
"2021-12-05 11:02:26,745 - [INFO] -  logs.logger - (bot.py).run(44) - ср"
"2021-12-05 11:08:06,370 - [INFO] -  logs.logger - (bot.py).start_polling(60) - Stop polling"
"2021-12-05 11:08:07,343 - [INFO] -  logs.logger - (bot.py).start_polling(53) - Start polling"
"2021-12-05 11:08:09,922 - [INFO] -  logs.logger - (bot.py).run(44) - 218384941:Дедлайны"
"2021-12-05 11:09:14,611 - [INFO] -  logs.logger - (bot.py).run(44) - 218384941:Сайт"
"2021-12-05 11:09:16,983 - [INFO] -  logs.logger - (bot.py).start_polling(58) - Stop polling"
"2021-12-05 11:09:18,030 - [INFO] -  logs.logger - (bot.py).start_polling(53) - Start polling"
"2021-12-05 11:09:20,180 - [INFO] -  logs.logger - (bot.py).run(44) - 218384941:Сайт"
"2021-12-05 11:11:28,400 - [INFO] -  logs.logger - (bot.py).run(44) - 218384941:Добавить дедлайн"
"2021-12-05 11:11:36,254 - [INFO] -  logs.logger - (bot.py).run(44) - 218384941:Дедлайн тест"
"2021-12-05 11:11:41,800 - [INFO] -  logs.logger - (bot.py).run(44) - 218384941:24.21.2021"
"2021-12-05 11:11:47,509 - [INFO] -  logs.logger - (bot.py).run(44) - 218384941:21.12.2021"
"2021-12-05 11:11:52,757 - [INFO] -  logs.logger - (bot.py).run(44) - 218384941:Дедлайны"
"2021-12-05 11:12:27,817 - [INFO] -  logs.logger - (bot.py).run(44) - 218384941:Домашка"
"2021-12-05 11:12:29,401 - [INFO] -  logs.logger - (bot.py).run(44) - 218384941:чт"
"2021-12-05 11:19:43,381 - [INFO] -  logs.logger - (bot.py).start_polling(58) - Stop polling"
"2021-12-05 11:19:45,189 - [INFO] -  logs.logger - (bot.py).start_polling(53) - Start polling"
"2021-12-05 11:19:49,071 - [INFO] -  logs.logger - (bot.py).run(44) - 218384941:/send_deadlines"
"2021-12-05 11:20:03,819 - [INFO] -  logs.logger - (bot.py).start_polling(58) - Stop polling"
"2021-12-05 11:20:05,121 - [INFO] -  logs.logger - (bot.py).start_polling(53) - Start polling"
"2021-12-05 11:20:10,131 - [INFO] -  logs.logger - (bot.py).run(44) - 218384941:/send_deadlines"
"2021-12-05 11:32:12,054 - [INFO] -  logs.logger - (bot.py).start_polling(58) - Stop polling"
"2021-12-05 11:32:13,115 - [INFO] -  logs.logger - (bot.py).start_polling(53) - Start polling"
"2021-12-05 11:32:19,707 - [INFO] -  logs.logger - (bot.py).run(44) - 218384941:/send_deadlines"
"2021-12-05 11:33:05,685 - [INFO] -  logs.logger - (bot.py).start_polling(58) - Stop polling"
"2021-12-05 11:33:06,686 - [INFO] -  logs.logger - (bot.py).start_polling(53) - Start polling"
"2021-12-05 11:33:10,612 - [INFO] -  logs.logger - (bot.py).run(44) - 218384941:/send_deadlines"
"2021-12-05 11:33:32,807 - [INFO] -  logs.logger - (bot.py).start_polling(58) - Stop polling"
"2021-12-05 11:33:33,729 - [INFO] -  logs.logger - (bot.py).start_polling(53) - Start polling"
"2021-12-05 11:33:37,286 - [INFO] -  logs.logger - (bot.py).run(44) - 218384941:/send_deadlines"
"2021-12-05 11:33:40,045 - [INFO] -  logs.logger - (bot.py).run(44) - 218384941:/send_deadlines"
"2021-12-05 11:33:42,333 - [INFO] -  logs.logger - (bot.py).start_polling(58) - Stop polling"
"2021-12-05 11:35:27,291 - [INFO] -  logs.logger - (bot.py).start_polling(53) - Start polling"
"2021-12-05 11:35:39,193 - [INFO] -  logs.logger - (bot.py).run(44) - 218384941:/send_deadlines"
"2021-12-05 11:36:17,291 - [INFO] -  logs.logger - (bot.py).start_polling(58) - Stop polling"
"2021-12-05 11:36:19,329 - [INFO] -  logs.logger - (bot.py).start_polling(53) - Start polling"
"2021-12-05 11:36:22,001 - [INFO] -  logs.logger - (bot.py).run(44) - 218384941:/send_deadlines"
"2021-12-05 11:36:42,940 - [INFO] -  logs.logger - (bot.py).start_polling(58) - Stop polling"
"2021-12-05 11:36:43,922 - [INFO] -  logs.logger - (bot.py).start_polling(53) - Start polling"
"2021-12-05 11:36:47,290 - [INFO] -  logs.logger - (bot.py).run(44) - 218384941:deadlines"
"2021-12-05 11:37:10,540 - [INFO] -  logs.logger - (bot.py).start_polling(58) - Stop polling"
"2021-12-05 11:37:11,588 - [INFO] -  logs.logger - (bot.py).start_polling(53) - Start polling"
"2021-12-05 11:37:15,433 - [INFO] -  logs.logger - (bot.py).run(44) - 218384941:deadlines"
"2021-12-05 11:39:17,818 - [INFO] -  logs.logger - (bot.py).start_polling(58) - Stop polling"
"2021-12-05 11:39:20,824 - [INFO] -  logs.logger - (bot.py).start_polling(53) - Start polling"
"2021-12-05 11:39:26,902 - [INFO] -  logs.logger - (bot.py).run(44) - 218384941:deadlines"
"2021-12-05 11:39:26,914 - [CRITICAL] -  logs.logger - (bot.py).start_polling(61) - CRITICAL unsupported operand type(s) for -: 'datetime.date' and 'datetime.datetime'"
"2021-12-05 11:39:26,914 - [INFO] -  logs.logger - (bot.py).start_polling(53) - Start polling"
"2021-12-05 11:39:46,840 - [INFO] -  logs.logger - (bot.py).start_polling(58) - Stop polling"
"2021-12-05 11:39:48,365 - [INFO] -  logs.logger - (bot.py).start_polling(53) - Start polling"
"2021-12-05 11:39:51,302 - [INFO] -  logs.logger - (bot.py).run(44) - 218384941:deadlines"
"2021-12-05 11:41:06,288 - [INFO] -  logs.logger - (bot.py).start_polling(58) - Stop polling"
"2021-12-05 11:41:07,282 - [INFO] -  logs.logger - (bot.py).start_polling(53) - Start polling"
"2021-12-05 11:41:11,279 - [INFO] -  logs.logger - (bot.py).run(44) - 218384941:deadlines"
"2021-12-05 11:41:24,187 - [INFO] -  logs.logger - (bot.py).start_polling(58) - Stop polling"
"2021-12-05 11:41:25,090 - [INFO] -  logs.logger - (bot.py).start_polling(53) - Start polling"
"2021-12-05 11:41:28,367 - [INFO] -  logs.logger - (bot.py).run(44) - 218384941:deadlines"
"2021-12-05 11:41:49,686 - [INFO] -  logs.logger - (bot.py).start_polling(58) - Stop polling"
"2021-12-05 11:41:50,546 - [INFO] -  logs.logger - (bot.py).start_polling(53) - Start polling"
"2021-12-05 11:41:54,285 - [INFO] -  logs.logger - (bot.py).run(44) - 218384941:deadliens"
"2021-12-05 11:42:05,448 - [INFO] -  logs.logger - (bot.py).run(44) - 218384941:deadlines"
"2021-12-05 11:45:21,428 - [INFO] -  logs.logger - (bot.py).run(44) - 218384941:deadlines"
"2021-12-05 11:45:36,195 - [INFO] -  logs.logger - (bot.py).start_polling(58) - Stop polling"
"2021-12-05 11:45:37,129 - [INFO] -  logs.logger - (bot.py).start_polling(53) - Start polling"
"2021-12-05 11:45:40,416 - [INFO] -  logs.logger - (bot.py).run(44) - 218384941:deadliens"
"2021-12-05 11:45:43,969 - [INFO] -  logs.logger - (bot.py).run(44) - 218384941:deadlines"
"2021-12-05 11:47:01,273 - [INFO] -  logs.logger - (bot.py).start_polling(58) - Stop polling"
"2021-12-05 11:47:02,278 - [INFO] -  logs.logger - (bot.py).start_polling(53) - Start polling"
"2021-12-05 11:47:05,723 - [INFO] -  logs.logger - (bot.py).run(44) - 218384941:deadlines"
"2021-12-05 11:48:08,209 - [INFO] -  logs.logger - (bot.py).start_polling(58) - Stop polling"
"2021-12-05 11:48:09,399 - [INFO] -  logs.logger - (bot.py).start_polling(53) - Start polling"
"2021-12-05 11:48:15,078 - [INFO] -  logs.logger - (bot.py).run(44) - 218384941:deadlines"
"2021-12-05 11:48:31,874 - [INFO] -  logs.logger - (bot.py).start_polling(58) - Stop polling"
"2021-12-05 11:48:36,636 - [INFO] -  logs.logger - (bot.py).start_polling(53) - Start polling"
"2021-12-05 11:49:15,577 - [INFO] -  logs.logger - (bot.py).run(44) - 218384941:deadlines"
"2021-12-05 11:49:34,269 - [INFO] -  logs.logger - (bot.py).run(44) - 218384941:Дедлайны"
"2021-12-05 11:49:48,833 - [INFO] -  logs.logger - (bot.py).run(44) - 218384941:deadlines"
"2021-12-05 11:49:58,029 - [INFO] -  logs.logger - (bot.py).run(44) - 218384941:Дедлайны"
"2021-12-05 11:50:01,831 - [INFO] -  logs.logger - (bot.py).run(44) - 218384941:deadlines"
"2021-12-05 11:51:02,188 - [INFO] -  logs.logger - (bot.py).run(44) - 218384941:Дедлайны"
"2021-12-05 11:51:08,132 - [INFO] -  logs.logger - (bot.py).run(44) - 218384941:deadlines"
"2021-12-05 11:53:48,143 - [INFO] -  logs.logger - (bot.py).start_polling(58) - Stop polling"
"2021-12-05 12:08:37,585 - [INFO] -  logs.logger - (bot.py).start_polling(53) - Start polling"
"2021-12-05 12:08:40,025 - [INFO] -  logs.logger - (bot.py).run(44) - 218384941:delete_homeworks"
"2021-12-05 12:08:52,697 - [INFO] -  logs.logger - (bot.py).start_polling(58) - Stop polling"
"2021-12-05 12:10:05,794 - [INFO] -  logs.logger - (bot.py).start_polling(53) - Start polling"
"2021-12-05 12:10:13,107 - [INFO] -  logs.logger - (bot.py).run(44) - 218384941:delete_homeworks"
"2021-12-05 12:10:24,307 - [INFO] -  logs.logger - (bot.py).start_polling(58) - Stop polling"
"2021-12-05 12:10:25,276 - [INFO] -  logs.logger - (bot.py).start_polling(53) - Start polling"
"2021-12-05 12:10:28,876 - [INFO] -  logs.logger - (bot.py).run(44) - 218384941:delete_homeworks"
"2021-12-05 12:10:42,922 - [INFO] -  logs.logger - (bot.py).start_polling(58) - Stop polling"
"2021-12-05 12:10:43,902 - [INFO] -  logs.logger - (bot.py).start_polling(53) - Start polling"
"2021-12-05 12:10:47,514 - [INFO] -  logs.logger - (bot.py).run(44) - 218384941:delete_homeworks"
"2021-12-05 12:11:15,300 - [INFO] -  logs.logger - (bot.py).run(44) - 218384941:delete_homeworks"
"2021-12-05 12:22:41,758 - [INFO] -  logs.logger - (bot.py).start_polling(58) - Stop polling"
"2021-12-05 12:22:42,764 - [INFO] -  logs.logger - (bot.py).start_polling(53) - Start polling"
"2021-12-05 12:22:48,455 - [INFO] -  logs.logger - (bot.py).run(44) - 218384941:delete_deadlines"
"2021-12-05 12:23:07,881 - [INFO] -  logs.logger - (bot.py).run(44) - 218384941:Дедлайны"
"2021-12-05 12:23:14,227 - [INFO] -  logs.logger - (bot.py).run(44) - 218384941:delete_deadlines"
"2021-12-05 12:23:16,832 - [INFO] -  logs.logger - (bot.py).run(44) - 218384941:Дедлайны"
"2021-12-05 12:23:37,831 - [INFO] -  logs.logger - (bot.py).start_polling(58) - Stop polling"
"2021-12-05 12:23:38,730 - [INFO] -  logs.logger - (bot.py).start_polling(53) - Start polling"
"2021-12-05 12:23:44,445 - [INFO] -  logs.logger - (bot.py).run(44) - 218384941:send_deadlines"
"2021-12-05 12:25:44,453 - [INFO] -  logs.logger - (bot.py).start_polling(58) - Stop polling"
"2021-12-05 12:25:53,644 - [INFO] -  logs.logger - (bot.py).start_polling(53) - Start polling"
"2021-12-05 12:25:58,892 - [INFO] -  logs.logger - (bot.py).run(44) - 218384941:send_deadlines"
"2021-12-05 12:26:52,784 - [INFO] -  logs.logger - (bot.py).run(44) - 218384941:send_deadlines"
"2021-12-05 12:26:55,510 - [INFO] -  logs.logger - (bot.py).run(44) - 218384941:Дедлайны"
"2021-12-05 12:27:05,642 - [INFO] -  logs.logger - (bot.py).run(44) - 218384941:delete_deadlines"
"2021-12-05 12:27:08,184 - [INFO] -  logs.logger - (bot.py).run(44) - 218384941:Дедлайны"
"2021-12-05 12:27:16,586 - [INFO] -  logs.logger - (bot.py).run(44) - 218384941:Домашка"
"2021-12-05 12:27:17,590 - [INFO] -  logs.logger - (bot.py).run(44) - 218384941:Все что есть"
"2021-12-05 12:27:25,609 - [INFO] -  logs.logger - (bot.py).run(44) - 218384941:delete_homeworks"
"2021-12-05 12:27:29,621 - [INFO] -  logs.logger - (bot.py).run(44) - 218384941:Домашка"
"2021-12-05 12:27:30,729 - [INFO] -  logs.logger - (bot.py).run(44) - 218384941:Все что есть"
"2021-12-05 12:28:00,637 - [INFO] -  logs.logger - (bot.py).run(44) - 218384941:Домашка"
"2021-12-05 12:28:02,507 - [INFO] -  logs.logger - (bot.py).run(44) - 218384941:Все что есть"
"2021-12-05 12:28:08,003 - [INFO] -  logs.logger - (bot.py).run(44) - 218384941:Начать"
"2021-12-05 12:28:14,540 - [INFO] -  logs.logger - (bot.py).run(44) - 218384941:Добавить дедлайн"
"2021-12-05 12:28:21,063 - [INFO] -  logs.logger - (bot.py).run(44) - 218384941:Сдать типовик"
"2021-12-05 12:28:27,640 - [INFO] -  logs.logger - (bot.py).run(44) - 218384941:15.12.2021"
"2021-12-05 12:28:29,506 - [INFO] -  logs.logger - (bot.py).run(44) - 218384941:Дедлайны"
"2021-12-05 12:29:00,338 - [INFO] -  logs.logger - (bot.py).run(44) - 218384941:Сайт"
"2021-12-05 12:29:41,808 - [INFO] -  logs.logger - (bot.py).run(44) - 218384941:Дедлайны"
"2021-12-05 12:29:52,357 - [INFO] -  logs.logger - (bot.py).run(44) - 218384941:Дедлайны"
"2021-12-05 12:29:54,097 - [INFO] -  logs.logger - (bot.py).run(44) - 218384941:Сайт"
"2021-12-05 12:29:55,591 - [INFO] -  logs.logger - (bot.py).run(44) - 218384941:Домашка"
"2021-12-05 12:29:59,525 - [INFO] -  logs.logger - (bot.py).run(44) - 218384941:Завтра"
"2021-12-05 12:30:01,886 - [INFO] -  logs.logger - (bot.py).run(44) - 218384941:Домашка"
"2021-12-05 12:30:04,133 - [INFO] -  logs.logger - (bot.py).run(44) - 218384941:Сегодня"
"2021-12-05 12:30:06,078 - [INFO] -  logs.logger - (bot.py).run(44) - 218384941:Домашка"
"2021-12-05 12:30:13,451 - [INFO] -  logs.logger - (bot.py).run(44) - 218384941:Все что есть"
"2021-12-05 12:30:16,625 - [INFO] -  logs.logger - (bot.py).run(44) - 218384941:Домашка"
"2021-12-05 12:30:28,299 - [INFO] -  logs.logger - (bot.py).run(44) - 218384941:сб"
"2021-12-05 12:30:34,238 - [INFO] -  logs.logger - (bot.py).run(44) - 218384941:Домашка"
"2021-12-05 12:30:45,093 - [INFO] -  logs.logger - (bot.py).run(44) - 218384941:Все что есть"
